<?xml version="1.0" encoding="UTF-8"?>
<testsuite xmlns:xsi="http://www.w3.org/2001/XMLSchema-instance" xsi:noNamespaceSchemaLocation="https://maven.apache.org/surefire/maven-surefire-plugin/xsd/surefire-test-report.xsd" name="pt.uevora.TestConferencia" time="0.001" tests="4" errors="0" skipped="0" failures="0">
  <properties>
    <property name="java.specification.version" value="15"/>
    <property name="sun.jnu.encoding" value="UTF-8"/>
    <property name="java.class.path" value="/Users/josemigueldasilvasantos/Desktop/Uni/TRABALHOS/MDS/Trabalho/2ª Parte/GestaoConferencias/target/test-classes:/Users/josemigueldasilvasantos/Desktop/Uni/TRABALHOS/MDS/Trabalho/2ª Parte/GestaoConferencias/target/classes:/Users/josemigueldasilvasantos/.m2/repository/org/junit/jupiter/junit-jupiter-engine/5.4.0/junit-jupiter-engine-5.4.0.jar:/Users/josemigueldasilvasantos/.m2/repository/org/apiguardian/apiguardian-api/1.0.0/apiguardian-api-1.0.0.jar:/Users/josemigueldasilvasantos/.m2/repository/org/junit/platform/junit-platform-engine/1.4.0/junit-platform-engine-1.4.0.jar:/Users/josemigueldasilvasantos/.m2/repository/org/opentest4j/opentest4j/1.1.1/opentest4j-1.1.1.jar:/Users/josemigueldasilvasantos/.m2/repository/org/junit/platform/junit-platform-commons/1.4.0/junit-platform-commons-1.4.0.jar:/Users/josemigueldasilvasantos/.m2/repository/org/junit/jupiter/junit-jupiter-api/5.4.0/junit-jupiter-api-5.4.0.jar:"/>
    <property name="java.vm.vendor" value="Oracle Corporation"/>
    <property name="sun.arch.data.model" value="64"/>
    <property name="java.vendor.url" value="https://openjdk.java.net/"/>
    <property name="os.name" value="Mac OS X"/>
    <property name="java.vm.specification.version" value="15"/>
    <property name="sun.java.launcher" value="SUN_STANDARD"/>
    <property name="user.country" value="GB"/>
    <property name="sun.boot.library.path" value="/usr/local/Cellar/openjdk/15.0.1/libexec/openjdk.jdk/Contents/Home/lib"/>
    <property name="sun.java.command" value="/Users/josemigueldasilvasantos/Desktop/Uni/TRABALHOS/MDS/Trabalho/2ª Parte/GestaoConferencias/target/surefire/surefirebooter14625239587175723416.jar /Users/josemigueldasilvasantos/Desktop/Uni/TRABALHOS/MDS/Trabalho/2ª Parte/GestaoConferencias/target/surefire 2021-03-06T11-23-34_358-jvmRun1 surefire936678610356397556tmp surefire_013138869535505339643tmp"/>
    <property name="jdk.debug" value="release"/>
    <property name="surefire.test.class.path" value="/Users/josemigueldasilvasantos/Desktop/Uni/TRABALHOS/MDS/Trabalho/2ª Parte/GestaoConferencias/target/test-classes:/Users/josemigueldasilvasantos/Desktop/Uni/TRABALHOS/MDS/Trabalho/2ª Parte/GestaoConferencias/target/classes:/Users/josemigueldasilvasantos/.m2/repository/org/junit/jupiter/junit-jupiter-engine/5.4.0/junit-jupiter-engine-5.4.0.jar:/Users/josemigueldasilvasantos/.m2/repository/org/apiguardian/apiguardian-api/1.0.0/apiguardian-api-1.0.0.jar:/Users/josemigueldasilvasantos/.m2/repository/org/junit/platform/junit-platform-engine/1.4.0/junit-platform-engine-1.4.0.jar:/Users/josemigueldasilvasantos/.m2/repository/org/opentest4j/opentest4j/1.1.1/opentest4j-1.1.1.jar:/Users/josemigueldasilvasantos/.m2/repository/org/junit/platform/junit-platform-commons/1.4.0/junit-platform-commons-1.4.0.jar:/Users/josemigueldasilvasantos/.m2/repository/org/junit/jupiter/junit-jupiter-api/5.4.0/junit-jupiter-api-5.4.0.jar:"/>
    <property name="sun.cpu.endian" value="little"/>
    <property name="user.home" value="/Users/josemigueldasilvasantos"/>
    <property name="user.language" value="en"/>
    <property name="java.specification.vendor" value="Oracle Corporation"/>
    <property name="java.version.date" value="2020-10-20"/>
    <property name="java.home" value="/usr/local/Cellar/openjdk/15.0.1/libexec/openjdk.jdk/Contents/Home"/>
    <property name="file.separator" value="/"/>
    <property name="basedir" value="/Users/josemigueldasilvasantos/Desktop/Uni/TRABALHOS/MDS/Trabalho/2ª Parte/GestaoConferencias"/>
    <property name="java.vm.compressedOopsMode" value="Zero based"/>
    <property name="line.separator" value="&#10;"/>
    <property name="java.vm.specification.vendor" value="Oracle Corporation"/>
    <property name="java.specification.name" value="Java Platform API Specification"/>
    <property name="surefire.real.class.path" value="/Users/josemigueldasilvasantos/Desktop/Uni/TRABALHOS/MDS/Trabalho/2ª Parte/GestaoConferencias/target/surefire/surefirebooter14625239587175723416.jar"/>
    <property name="sun.management.compiler" value="HotSpot 64-Bit Tiered Compilers"/>
    <property name="java.runtime.version" value="15.0.1+9"/>
    <property name="user.name" value="josemigueldasilvasantos"/>
    <property name="path.separator" value=":"/>
    <property name="os.version" value="10.16"/>
    <property name="java.runtime.name" value="OpenJDK Runtime Environment"/>
    <property name="file.encoding" value="UTF-8"/>
    <property name="java.vm.name" value="OpenJDK 64-Bit Server VM"/>
    <property name="localRepository" value="/Users/josemigueldasilvasantos/.m2/repository"/>
    <property name="java.vendor.url.bug" value="https://bugreport.java.com/bugreport/"/>
    <property name="java.io.tmpdir" value="/var/folders/56/38rgzlpx0_j__9r9vjsb51ph0000gn/T/"/>
    <property name="java.version" value="15.0.1"/>
    <property name="user.dir" value="/Users/josemigueldasilvasantos/Desktop/Uni/TRABALHOS/MDS/Trabalho/2ª Parte/GestaoConferencias"/>
    <property name="os.arch" value="x86_64"/>
    <property name="java.vm.specification.name" value="Java Virtual Machine Specification"/>
    <property name="java.library.path" value="/Users/josemigueldasilvasantos/Library/Java/Extensions:/Library/Java/Extensions:/Network/Library/Java/Extensions:/System/Library/Java/Extensions:/usr/lib/java:."/>
    <property name="java.vm.info" value="mixed mode, sharing"/>
    <property name="java.vendor" value="N/A"/>
    <property name="java.vm.version" value="15.0.1+9"/>
    <property name="sun.io.unicode.encoding" value="UnicodeBig"/>
    <property name="java.class.version" value="59.0"/>
  </properties>
  <testcase name="testDataValida" classname="pt.uevora.TestConferencia" time="0"/>
  <testcase name="testSetGetDataLimite" classname="pt.uevora.TestConferencia" time="0"/>
  <testcase name="testAddGetArtigo" classname="pt.uevora.TestConferencia" time="0"/>
  <testcase name="testAddGetParticipante" classname="pt.uevora.TestConferencia" time="0"/>
</testsuite>